<?xml version="1.0" encoding="UTF-8"?>
<!-- Generated by org.testng.reporters.JUnitReportReporter -->
<testsuite hostname="SubashPC" failures="0" tests="1" name="org.base.Facebook" time="7.509" errors="0" timestamp="2022-05-22T11:29:40 IST" skipped="0">
  <testcase classname="org.base.Facebook" name="homePage" time="7.509"/>
  <system-out/>
</testsuite> <!-- org.base.Facebook -->
